INFO:     Will watch for changes in these directories: ['C:\\Users\\prade\\OneDrive\\Desktop\\jeevansetu\\Jeevansetu\\backend']
Traceback (most recent call last):
  File "<frozen runpy>", line 198, in _run_module_as_main
  File "<frozen runpy>", line 88, in _run_code
  File "C:\Users\prade\AppData\Local\Programs\Python\Python313\Scripts\uvicorn.exe\__main__.py", line 7, in <module>
    sys.exit(main())
             ~~~~^^
  File "C:\Users\prade\AppData\Local\Programs\Python\Python313\Lib\site-packages\click\core.py", line 1524, in __call__
    return self.main(*args, **kwargs)
           ~~~~~~~~~^^^^^^^^^^^^^^^^^
  File "C:\Users\prade\AppData\Local\Programs\Python\Python313\Lib\site-packages\click\core.py", line 1445, in main
    rv = self.invoke(ctx)
  File "C:\Users\prade\AppData\Local\Programs\Python\Python313\Lib\site-packages\click\core.py", line 1308, in invoke
    return ctx.invoke(self.callback, **ctx.params)
           ~~~~~~~~~~^^^^^^^^^^^^^^^^^^^^^^^^^^^^^
  File "C:\Users\prade\AppData\Local\Programs\Python\Python313\Lib\site-packages\click\core.py", line 877, in invoke
    return callback(*args, **kwargs)
  File "C:\Users\prade\AppData\Local\Programs\Python\Python313\Lib\site-packages\uvicorn\main.py", line 441, in main
    run(
    ~~~^
        app,
        ^^^^
    ...<48 lines>...
        reset_contextvars=reset_contextvars,
        ^^^^^^^^^^^^^^^^^^^^^^^^^^^^^^^^^^^^
    )
    ^
  File "C:\Users\prade\AppData\Local\Programs\Python\Python313\Lib\site-packages\uvicorn\main.py", line 609, in run
    config.load_app()
    ~~~~~~~~~~~~~~~^^
  File "C:\Users\prade\AppData\Local\Programs\Python\Python313\Lib\site-packages\uvicorn\config.py", line 415, in load_app
    return import_from_string(self.app)
  File "C:\Users\prade\AppData\Local\Programs\Python\Python313\Lib\site-packages\uvicorn\importer.py", line 22, in import_from_string
    raise exc from None
  File "C:\Users\prade\AppData\Local\Programs\Python\Python313\Lib\site-packages\uvicorn\importer.py", line 19, in import_from_string
    module = importlib.import_module(module_str)
  File "C:\Users\prade\AppData\Local\Programs\Python\Python313\Lib\importlib\__init__.py", line 88, in import_module
    return _bootstrap._gcd_import(name[level:], package, level)
           ~~~~~~~~~~~~~~~~~~~~~~^^^^^^^^^^^^^^^^^^^^^^^^^^^^^^
  File "<frozen importlib._bootstrap>", line 1387, in _gcd_import
  File "<frozen importlib._bootstrap>", line 1360, in _find_and_load
  File "<frozen importlib._bootstrap>", line 1331, in _find_and_load_unlocked
  File "<frozen importlib._bootstrap>", line 935, in _load_unlocked
  File "<frozen importlib._bootstrap_external>", line 1022, in exec_module
  File "<frozen importlib._bootstrap>", line 488, in _call_with_frames_removed
  File "C:\Users\prade\OneDrive\Desktop\jeevansetu\Jeevansetu\backend\app\main.py", line 17, in <module>
    from app.api.ai import router as ai_router
  File "C:\Users\prade\OneDrive\Desktop\jeevansetu\Jeevansetu\backend\app\api\ai.py", line 3, in <module>
    from app.ai_pipeline.api_routes import router as pipeline_router
  File "C:\Users\prade\OneDrive\Desktop\jeevansetu\Jeevansetu\backend\app\ai_pipeline\api_routes\__init__.py", line 1, in <module>
    from app.ai_pipeline.api_routes.pipeline import router
  File "C:\Users\prade\OneDrive\Desktop\jeevansetu\Jeevansetu\backend\app\ai_pipeline\api_routes\pipeline.py", line 5, in <module>
    from app.ai_pipeline.accident_detection import AccidentDetectionEngine
  File "C:\Users\prade\OneDrive\Desktop\jeevansetu\Jeevansetu\backend\app\ai_pipeline\accident_detection\__init__.py", line 1, in <module>
    from app.ai_pipeline.accident_detection.engine import AccidentDetectionEngine
  File "C:\Users\prade\OneDrive\Desktop\jeevansetu\Jeevansetu\backend\app\ai_pipeline\accident_detection\engine.py", line 2, in <module>
    from ai.accident_detection import AccidentDetector
ModuleNotFoundError: No module named 'ai'
